

Version:	3.50
CmdLine:	C:\Users\rafael.dourado\Desktop\rafael java\mause\mouse.exe --l4j-debug
JNI:		No
WOW64:		Yes
Working dir:	C:\Users\rafael.dourado\Desktop\rafael java\mause\.
Requires JDK:	No
Requires 64-Bit: No
Java min ver:	1.008.000_121
Java max ver:	
Substitute:	JAVA_HOME = 
Substitute:	PATH = C:\Program Files (x86)\Common Files\Oracle\Java\java8path;C:\Program Files (x86)\Common Files\Oracle\Java\javapath;C:\Program Files (x86)\VMware\VMware Workstation\bin\;C:\WINDOWS\system32;C:\WINDOWS;C:\WINDOWS\System32\Wbem;C:\WINDOWS\System32\WindowsPowerShell\v1.0\;C:\WINDOWS\System32\OpenSSH\;C:\Program Files\PuTTY\;C:\Program Files\nodejs\;C:\Program Files\SafeNet\Authentication\SAC\x64;C:\Program Files\SafeNet\Authentication\SAC\x32;C:\Program Files (x86)\Common Files\Acronis\SnapAPI\;C:\Program Files (x86)\Common Files\Acronis\VirtualFile\;C:\Program Files (x86)\Common Files\Acronis\VirtualFile64\;C:\Program Files (x86)\Common Files\Acronis\FileProtector\;C:\Program Files (x86)\Common Files\Acronis\FileProtector64\;C:\Program Files\dotnet\;C:\ProgramData\chocolatey\bin;C:\Program Files\OpenSSL\bin;C:\Program Files\Java\jdk-1.8\bin;C:\Users\rafael.dourado\AppData\Local\Programs\Microsoft VS Code\bin;C:\Program Files (x86)\Nmap;C:\Program Files\Java\jdk-1.8\bin
JRE paths:	;C:\Program Files (x86)\Common Files\Oracle\Java\java8path;C:\Program Files (x86)\Common Files\Oracle\Java\javapath;C:\Program Files (x86)\VMware\VMware Workstation\bin\;C:\WINDOWS\system32;C:\WINDOWS;C:\WINDOWS\System32\Wbem;C:\WINDOWS\System32\WindowsPowerShell\v1.0\;C:\WINDOWS\System32\OpenSSH\;C:\Program Files\PuTTY\;C:\Program Files\nodejs\;C:\Program Files\SafeNet\Authentication\SAC\x64;C:\Program Files\SafeNet\Authentication\SAC\x32;C:\Program Files (x86)\Common Files\Acronis\SnapAPI\;C:\Program Files (x86)\Common Files\Acronis\VirtualFile\;C:\Program Files (x86)\Common Files\Acronis\VirtualFile64\;C:\Program Files (x86)\Common Files\Acronis\FileProtector\;C:\Program Files (x86)\Common Files\Acronis\FileProtector64\;C:\Program Files\dotnet\;C:\ProgramData\chocolatey\bin;C:\Program Files\OpenSSL\bin;C:\Program Files\Java\jdk-1.8\bin;C:\Users\rafael.dourado\AppData\Local\Programs\Microsoft VS Code\bin;C:\Program Files (x86)\Nmap;C:\Program Files\Java\jdk-1.8\bin
Check launcher:	C:\Program Files (x86)\Common Files\Oracle\Java\java8path\bin\javaw.exe (not found)
Check launcher:	C:\Program Files (x86)\Common Files\Oracle\Java\javapath\bin\javaw.exe (not found)
Check launcher:	C:\Program Files (x86)\VMware\VMware Workstation\bin\bin\javaw.exe (not found)
Check launcher:	C:\WINDOWS\system32\bin\javaw.exe (not found)
Check launcher:	C:\WINDOWS\bin\javaw.exe (not found)
Check launcher:	C:\WINDOWS\System32\Wbem\bin\javaw.exe (not found)
Check launcher:	C:\WINDOWS\System32\WindowsPowerShell\v1.0\bin\javaw.exe (not found)
Check launcher:	C:\WINDOWS\System32\OpenSSH\bin\javaw.exe (not found)
Check launcher:	C:\Program Files\PuTTY\bin\javaw.exe (not found)
Check launcher:	C:\Program Files\nodejs\bin\javaw.exe (not found)
Check launcher:	C:\Program Files\SafeNet\Authentication\SAC\x64\bin\javaw.exe (not found)
Check launcher:	C:\Program Files\SafeNet\Authentication\SAC\x32\bin\javaw.exe (not found)
Check launcher:	C:\Program Files (x86)\Common Files\Acronis\SnapAPI\bin\javaw.exe (not found)
Check launcher:	C:\Program Files (x86)\Common Files\Acronis\VirtualFile\bin\javaw.exe (not found)
Check launcher:	C:\Program Files (x86)\Common Files\Acronis\VirtualFile64\bin\javaw.exe (not found)
Check launcher:	C:\Program Files (x86)\Common Files\Acronis\FileProtector\bin\javaw.exe (not found)
Check launcher:	C:\Program Files (x86)\Common Files\Acronis\FileProtector64\bin\javaw.exe (not found)
Check launcher:	C:\Program Files\dotnet\bin\javaw.exe (not found)
Check launcher:	C:\ProgramData\chocolatey\bin\javaw.exe (not found)
Check launcher:	C:\Program Files\OpenSSL\bin\javaw.exe (not found)
Check launcher:	C:\Program Files\Java\jdk-1.8\bin\javaw.exe (OK)
Version string: 1.008.000_441 / 64-Bit (OK)
Launcher:	C:\Program Files\Java\jdk-1.8\bin\javaw.exe
Launcher args:	-jar "C:\Users\rafael.dourado\Desktop\rafael java\mause\mouse.exe"
Args length:	66/32768 chars
Exit code:	0
